# JRE version: OpenJDK Runtime Environment Temurin-21.0.6+7 (21.0.6+7) (build 21.0.6+7-LTS)
# Java VM: OpenJDK 64-Bit Server VM Temurin-21.0.6+7 (21.0.6+7-LTS, mixed mode, sharing, tiered, compressed oops, compressed class ptrs, parallel gc, windows-amd64)
GC Precious Log:
 CardTable entry size: 512
 CPUs: 8 total, 8 available
 Memory: 8033M
 Large Page Support: Disabled
 NUMA Support: Disabled
 Compressed Oops: Enabled (32-bit)
 Alignments: Space 512K, Generation 512K, Heap 2M
 Heap Min Capacity: 100M
 Heap Initial Capacity: 100M
 Heap Max Capacity: 1G
 Pre-touch: Disabled
 Parallel Workers: 8
Heap:
 PSYoungGen      total 6144K, used 4041K [0x00000000eab00000, 0x00000000eb200000, 0x0000000100000000)
  eden space 5120K, 60% used [0x00000000eab00000,0x00000000eae061a8,0x00000000eb000000)
  from space 1024K, 92% used [0x00000000eb000000,0x00000000eb0ec320,0x00000000eb100000)
  to   space 1024K, 0% used [0x00000000eb100000,0x00000000eb100000,0x00000000eb200000)
 ParOldGen       total 566784K, used 566550K [0x00000000c0000000, 0x00000000e2980000, 0x00000000eab00000)
  object space 566784K, 99% used [0x00000000c0000000,0x00000000e2945910,0x00000000e2980000)
 Metaspace       used 65194K, committed 66752K, reserved 1114112K
  class space    used 6695K, committed 7360K, reserved 1048576K
GC Heap History (20 events):
Event: 42.097 GC heap before
{Heap before GC invocations=758 (full 3):
 PSYoungGen      total 6144K, used 5667K [0x00000000eab00000, 0x00000000eb300000, 0x0000000100000000)
  eden space 5120K, 99% used [0x00000000eab00000,0x00000000eaffab40,0x00000000eb000000)
  from space 1024K, 55% used [0x00000000eb200000,0x00000000eb28e2c0,0x00000000eb300000)
  to   space 1024K, 0% used [0x00000000eb000000,0x00000000eb000000,0x00000000eb100000)
 ParOldGen       total 564736K, used 564322K [0x00000000c0000000, 0x00000000e2780000, 0x00000000eab00000)
  object space 564736K, 99% used [0x00000000c0000000,0x00000000e2718880,0x00000000e2780000)
 Metaspace       used 62894K, committed 64448K, reserved 1114112K
  class space    used 6497K, committed 7168K, reserved 1048576K
}
Event: 42.101 GC heap after
{Heap after GC invocations=758 (full 3):
 PSYoungGen      total 6144K, used 663K [0x00000000eab00000, 0x00000000eb280000, 0x0000000100000000)
  eden space 5120K, 0% used [0x00000000eab00000,0x00000000eab00000,0x00000000eb000000)
  from space 1024K, 64% used [0x00000000eb000000,0x00000000eb0a5e08,0x00000000eb100000)
  to   space 1024K, 0% used [0x00000000eb180000,0x00000000eb180000,0x00000000eb280000)
 ParOldGen       total 565248K, used 564759K [0x00000000c0000000, 0x00000000e2800000, 0x00000000eab00000)
  object space 565248K, 99% used [0x00000000c0000000,0x00000000e2785f30,0x00000000e2800000)
 Metaspace       used 62894K, committed 64448K, reserved 1114112K
  class space    used 6497K, committed 7168K, reserved 1048576K
}
Event: 42.213 GC heap before
{Heap before GC invocations=759 (full 3):
 PSYoungGen      total 6144K, used 5781K [0x00000000eab00000, 0x00000000eb280000, 0x0000000100000000)
  eden space 5120K, 99% used [0x00000000eab00000,0x00000000eafff908,0x00000000eb000000)
  from space 1024K, 64% used [0x00000000eb000000,0x00000000eb0a5e08,0x00000000eb100000)
  to   space 1024K, 0% used [0x00000000eb180000,0x00000000eb180000,0x00000000eb280000)
 ParOldGen       total 565248K, used 564759K [0x00000000c0000000, 0x00000000e2800000, 0x00000000eab00000)
  object space 565248K, 99% used [0x00000000c0000000,0x00000000e2785f30,0x00000000e2800000)
 Metaspace       used 63379K, committed 64960K, reserved 1114112K
  class space    used 6547K, committed 7168K, reserved 1048576K
}
Event: 42.216 GC heap after
{Heap after GC invocations=759 (full 3):
 PSYoungGen      total 5632K, used 472K [0x00000000eab00000, 0x00000000eb200000, 0x0000000100000000)
  eden space 5120K, 0% used [0x00000000eab00000,0x00000000eab00000,0x00000000eb000000)
  from space 512K, 92% used [0x00000000eb180000,0x00000000eb1f6340,0x00000000eb200000)
  to   space 1024K, 0% used [0x00000000eb000000,0x00000000eb000000,0x00000000eb100000)
 ParOldGen       total 565248K, used 564951K [0x00000000c0000000, 0x00000000e2800000, 0x00000000eab00000)
  object space 565248K, 99% used [0x00000000c0000000,0x00000000e27b5f50,0x00000000e2800000)
 Metaspace       used 63379K, committed 64960K, reserved 1114112K
  class space    used 6547K, committed 7168K, reserved 1048576K
}
Event: 42.276 GC heap before
{Heap before GC invocations=760 (full 3):
 PSYoungGen      total 5632K, used 5592K [0x00000000eab00000, 0x00000000eb200000, 0x0000000100000000)
  eden space 5120K, 100% used [0x00000000eab00000,0x00000000eb000000,0x00000000eb000000)
  from space 512K, 92% used [0x00000000eb180000,0x00000000eb1f6340,0x00000000eb200000)
  to   space 1024K, 0% used [0x00000000eb000000,0x00000000eb000000,0x00000000eb100000)
 ParOldGen       total 565248K, used 564951K [0x00000000c0000000, 0x00000000e2800000, 0x00000000eab00000)
  object space 565248K, 99% used [0x00000000c0000000,0x00000000e27b5f50,0x00000000e2800000)
 Metaspace       used 64213K, committed 65728K, reserved 1114112K
  class space    used 6625K, committed 7232K, reserved 1048576K
}
Event: 42.279 GC heap after
{Heap after GC invocations=760 (full 3):
 PSYoungGen      total 6144K, used 288K [0x00000000eab00000, 0x00000000eb200000, 0x0000000100000000)
  eden space 5120K, 0% used [0x00000000eab00000,0x00000000eab00000,0x00000000eb000000)
  from space 1024K, 28% used [0x00000000eb000000,0x00000000eb048000,0x00000000eb100000)
  to   space 512K, 0% used [0x00000000eb180000,0x00000000eb180000,0x00000000eb200000)
 ParOldGen       total 565248K, used 565204K [0x00000000c0000000, 0x00000000e2800000, 0x00000000eab00000)
  object space 565248K, 99% used [0x00000000c0000000,0x00000000e27f5000,0x00000000e2800000)
 Metaspace       used 64213K, committed 65728K, reserved 1114112K
  class space    used 6625K, committed 7232K, reserved 1048576K
}
Event: 42.399 GC heap before
{Heap before GC invocations=761 (full 3):
 PSYoungGen      total 6144K, used 5408K [0x00000000eab00000, 0x00000000eb200000, 0x0000000100000000)
  eden space 5120K, 100% used [0x00000000eab00000,0x00000000eb000000,0x00000000eb000000)
  from space 1024K, 28% used [0x00000000eb000000,0x00000000eb048000,0x00000000eb100000)
  to   space 512K, 0% used [0x00000000eb180000,0x00000000eb180000,0x00000000eb200000)
 ParOldGen       total 565248K, used 565204K [0x00000000c0000000, 0x00000000e2800000, 0x00000000eab00000)
  object space 565248K, 99% used [0x00000000c0000000,0x00000000e27f5000,0x00000000e2800000)
 Metaspace       used 64282K, committed 65856K, reserved 1114112K
  class space    used 6632K, committed 7296K, reserved 1048576K
}
Event: 42.402 GC heap after
{Heap after GC invocations=761 (full 3):
 PSYoungGen      total 5632K, used 489K [0x00000000eab00000, 0x00000000eb200000, 0x0000000100000000)
  eden space 5120K, 0% used [0x00000000eab00000,0x00000000eab00000,0x00000000eb000000)
  from space 512K, 95% used [0x00000000eb180000,0x00000000eb1fa5c8,0x00000000eb200000)
  to   space 1024K, 0% used [0x00000000eb000000,0x00000000eb000000,0x00000000eb100000)
 ParOldGen       total 565760K, used 565388K [0x00000000c0000000, 0x00000000e2880000, 0x00000000eab00000)
  object space 565760K, 99% used [0x00000000c0000000,0x00000000e2823030,0x00000000e2880000)
 Metaspace       used 64282K, committed 65856K, reserved 1114112K
  class space    used 6632K, committed 7296K, reserved 1048576K
}
Event: 42.526 GC heap before
{Heap before GC invocations=762 (full 3):
 PSYoungGen      total 5632K, used 5609K [0x00000000eab00000, 0x00000000eb200000, 0x0000000100000000)
  eden space 5120K, 100% used [0x00000000eab00000,0x00000000eb000000,0x00000000eb000000)
  from space 512K, 95% used [0x00000000eb180000,0x00000000eb1fa5c8,0x00000000eb200000)
  to   space 1024K, 0% used [0x00000000eb000000,0x00000000eb000000,0x00000000eb100000)
 ParOldGen       total 565760K, used 565388K [0x00000000c0000000, 0x00000000e2880000, 0x00000000eab00000)
  object space 565760K, 99% used [0x00000000c0000000,0x00000000e2823030,0x00000000e2880000)
 Metaspace       used 64304K, committed 65856K, reserved 1114112K
  class space    used 6633K, committed 7296K, reserved 1048576K
}
Event: 42.528 GC heap after
{Heap after GC invocations=762 (full 3):
 PSYoungGen      total 6144K, used 224K [0x00000000eab00000, 0x00000000eb200000, 0x0000000100000000)
  eden space 5120K, 0% used [0x00000000eab00000,0x00000000eab00000,0x00000000eb000000)
  from space 1024K, 21% used [0x00000000eb000000,0x00000000eb038000,0x00000000eb100000)
  to   space 512K, 0% used [0x00000000eb180000,0x00000000eb180000,0x00000000eb200000)
 ParOldGen       total 565760K, used 565516K [0x00000000c0000000, 0x00000000e2880000, 0x00000000eab00000)
  object space 565760K, 99% used [0x00000000c0000000,0x00000000e2843050,0x00000000e2880000)
 Metaspace       used 64304K, committed 65856K, reserved 1114112K
  class space    used 6633K, committed 7296K, reserved 1048576K
}
Event: 42.589 GC heap before
{Heap before GC invocations=763 (full 3):
 PSYoungGen      total 6144K, used 5344K [0x00000000eab00000, 0x00000000eb200000, 0x0000000100000000)
  eden space 5120K, 100% used [0x00000000eab00000,0x00000000eb000000,0x00000000eb000000)
  from space 1024K, 21% used [0x00000000eb000000,0x00000000eb038000,0x00000000eb100000)
  to   space 512K, 0% used [0x00000000eb180000,0x00000000eb180000,0x00000000eb200000)
 ParOldGen       total 565760K, used 565516K [0x00000000c0000000, 0x00000000e2880000, 0x00000000eab00000)
  object space 565760K, 99% used [0x00000000c0000000,0x00000000e2843050,0x00000000e2880000)
 Metaspace       used 64421K, committed 65984K, reserved 1114112K
  class space    used 6644K, committed 7296K, reserved 1048576K
}
Event: 42.592 GC heap after
{Heap after GC invocations=763 (full 3):
 PSYoungGen      total 5632K, used 320K [0x00000000eab00000, 0x00000000eb200000, 0x0000000100000000)
  eden space 5120K, 0% used [0x00000000eab00000,0x00000000eab00000,0x00000000eb000000)
  from space 512K, 62% used [0x00000000eb180000,0x00000000eb1d0000,0x00000000eb200000)
  to   space 512K, 0% used [0x00000000eb100000,0x00000000eb100000,0x00000000eb180000)
 ParOldGen       total 565760K, used 565548K [0x00000000c0000000, 0x00000000e2880000, 0x00000000eab00000)
  object space 565760K, 99% used [0x00000000c0000000,0x00000000e284b050,0x00000000e2880000)
 Metaspace       used 64421K, committed 65984K, reserved 1114112K
  class space    used 6644K, committed 7296K, reserved 1048576K
}
Event: 42.617 GC heap before
{Heap before GC invocations=764 (full 3):
 PSYoungGen      total 5632K, used 5440K [0x00000000eab00000, 0x00000000eb200000, 0x0000000100000000)
  eden space 5120K, 100% used [0x00000000eab00000,0x00000000eb000000,0x00000000eb000000)
  from space 512K, 62% used [0x00000000eb180000,0x00000000eb1d0000,0x00000000eb200000)
  to   space 512K, 0% used [0x00000000eb100000,0x00000000eb100000,0x00000000eb180000)
 ParOldGen       total 565760K, used 565548K [0x00000000c0000000, 0x00000000e2880000, 0x00000000eab00000)
  object space 565760K, 99% used [0x00000000c0000000,0x00000000e284b050,0x00000000e2880000)
 Metaspace       used 64628K, committed 66176K, reserved 1114112K
  class space    used 6657K, committed 7296K, reserved 1048576K
}
Event: 42.619 GC heap after
{Heap after GC invocations=764 (full 3):
 PSYoungGen      total 5632K, used 256K [0x00000000eab00000, 0x00000000eb200000, 0x0000000100000000)
  eden space 5120K, 0% used [0x00000000eab00000,0x00000000eab00000,0x00000000eb000000)
  from space 512K, 50% used [0x00000000eb100000,0x00000000eb140000,0x00000000eb180000)
  to   space 512K, 0% used [0x00000000eb180000,0x00000000eb180000,0x00000000eb200000)
 ParOldGen       total 565760K, used 565742K [0x00000000c0000000, 0x00000000e2880000, 0x00000000eab00000)
  object space 565760K, 99% used [0x00000000c0000000,0x00000000e287b950,0x00000000e2880000)
 Metaspace       used 64628K, committed 66176K, reserved 1114112K
  class space    used 6657K, committed 7296K, reserved 1048576K
}
Event: 42.656 GC heap before
{Heap before GC invocations=765 (full 3):
 PSYoungGen      total 5632K, used 5376K [0x00000000eab00000, 0x00000000eb200000, 0x0000000100000000)
  eden space 5120K, 100% used [0x00000000eab00000,0x00000000eb000000,0x00000000eb000000)
  from space 512K, 50% used [0x00000000eb100000,0x00000000eb140000,0x00000000eb180000)
  to   space 512K, 0% used [0x00000000eb180000,0x00000000eb180000,0x00000000eb200000)
 ParOldGen       total 565760K, used 565742K [0x00000000c0000000, 0x00000000e2880000, 0x00000000eab00000)
  object space 565760K, 99% used [0x00000000c0000000,0x00000000e287b950,0x00000000e2880000)
 Metaspace       used 64824K, committed 66304K, reserved 1114112K
  class space    used 6669K, committed 7296K, reserved 1048576K
}
Event: 42.658 GC heap after
{Heap after GC invocations=765 (full 3):
 PSYoungGen      total 5632K, used 489K [0x00000000eab00000, 0x00000000eb200000, 0x0000000100000000)
  eden space 5120K, 0% used [0x00000000eab00000,0x00000000eab00000,0x00000000eb000000)
  from space 512K, 95% used [0x00000000eb180000,0x00000000eb1fa5a8,0x00000000eb200000)
  to   space 1024K, 0% used [0x00000000eb000000,0x00000000eb000000,0x00000000eb100000)
 ParOldGen       total 566272K, used 565798K [0x00000000c0000000, 0x00000000e2900000, 0x00000000eab00000)
  object space 566272K, 99% used [0x00000000c0000000,0x00000000e2889950,0x00000000e2900000)
 Metaspace       used 64824K, committed 66304K, reserved 1114112K
  class space    used 6669K, committed 7296K, reserved 1048576K
}
Event: 42.757 GC heap before
{Heap before GC invocations=766 (full 3):
 PSYoungGen      total 5632K, used 5599K [0x00000000eab00000, 0x00000000eb200000, 0x0000000100000000)
  eden space 5120K, 99% used [0x00000000eab00000,0x00000000eaffd940,0x00000000eb000000)
  from space 512K, 95% used [0x00000000eb180000,0x00000000eb1fa5a8,0x00000000eb200000)
  to   space 1024K, 0% used [0x00000000eb000000,0x00000000eb000000,0x00000000eb100000)
 ParOldGen       total 566272K, used 565798K [0x00000000c0000000, 0x00000000e2900000, 0x00000000eab00000)
  object space 566272K, 99% used [0x00000000c0000000,0x00000000e2889950,0x00000000e2900000)
 Metaspace       used 65083K, committed 66624K, reserved 1114112K
  class space    used 6681K, committed 7360K, reserved 1048576K
}
Event: 42.760 GC heap after
{Heap after GC invocations=766 (full 3):
 PSYoungGen      total 6144K, used 576K [0x00000000eab00000, 0x00000000eb200000, 0x0000000100000000)
  eden space 5120K, 0% used [0x00000000eab00000,0x00000000eab00000,0x00000000eb000000)
  from space 1024K, 56% used [0x00000000eb000000,0x00000000eb090000,0x00000000eb100000)
  to   space 1024K, 0% used [0x00000000eb100000,0x00000000eb100000,0x00000000eb200000)
 ParOldGen       total 566272K, used 565978K [0x00000000c0000000, 0x00000000e2900000, 0x00000000eab00000)
  object space 566272K, 99% used [0x00000000c0000000,0x00000000e28b69c8,0x00000000e2900000)
 Metaspace       used 65083K, committed 66624K, reserved 1114112K
  class space    used 6681K, committed 7360K, reserved 1048576K
}
Event: 42.804 GC heap before
{Heap before GC invocations=767 (full 3):
 PSYoungGen      total 6144K, used 5696K [0x00000000eab00000, 0x00000000eb200000, 0x0000000100000000)
  eden space 5120K, 100% used [0x00000000eab00000,0x00000000eb000000,0x00000000eb000000)
  from space 1024K, 56% used [0x00000000eb000000,0x00000000eb090000,0x00000000eb100000)
  to   space 1024K, 0% used [0x00000000eb100000,0x00000000eb100000,0x00000000eb200000)
 ParOldGen       total 566272K, used 565978K [0x00000000c0000000, 0x00000000e2900000, 0x00000000eab00000)
  object space 566272K, 99% used [0x00000000c0000000,0x00000000e28b69c8,0x00000000e2900000)
 Metaspace       used 65104K, committed 66624K, reserved 1114112K
  class space    used 6685K, committed 7360K, reserved 1048576K
}
Event: 42.807 GC heap after
{Heap after GC invocations=767 (full 3):
 PSYoungGen      total 6144K, used 489K [0x00000000eab00000, 0x00000000eb200000, 0x0000000100000000)
  eden space 5120K, 0% used [0x00000000eab00000,0x00000000eab00000,0x00000000eb000000)
  from space 1024K, 47% used [0x00000000eb100000,0x00000000eb17a5c8,0x00000000eb200000)
  to   space 1024K, 0% used [0x00000000eb000000,0x00000000eb000000,0x00000000eb100000)
 ParOldGen       total 566784K, used 566390K [0x00000000c0000000, 0x00000000e2980000, 0x00000000eab00000)
  object space 566784K, 99% used [0x00000000c0000000,0x00000000e291d8e0,0x00000000e2980000)
 Metaspace       used 65104K, committed 66624K, reserved 1114112K
  class space    used 6685K, committed 7360K, reserved 1048576K
}

