# JRE version: OpenJDK Runtime Environment Temurin-21.0.6+7 (21.0.6+7) (build 21.0.6+7-LTS)
# Java VM: OpenJDK 64-Bit Server VM Temurin-21.0.6+7 (21.0.6+7-LTS, mixed mode, sharing, tiered, compressed oops, compressed class ptrs, parallel gc, windows-amd64)
GC Precious Log:
 CardTable entry size: 512
 CPUs: 8 total, 8 available
 Memory: 8033M
 Large Page Support: Disabled
 NUMA Support: Disabled
 Compressed Oops: Enabled (32-bit)
 Alignments: Space 512K, Generation 512K, Heap 2M
 Heap Min Capacity: 100M
 Heap Initial Capacity: 100M
 Heap Max Capacity: 1G
 Pre-touch: Disabled
 Parallel Workers: 8
Heap:
 PSYoungGen      total 11264K, used 6445K [0x00000000eab00000, 0x00000000eb800000, 0x0000000100000000)
  eden space 9216K, 69% used [0x00000000eab00000,0x00000000eb14b5b8,0x00000000eb400000)
  from space 2048K, 0% used [0x00000000eb600000,0x00000000eb600000,0x00000000eb800000)
  to   space 2048K, 0% used [0x00000000eb400000,0x00000000eb400000,0x00000000eb600000)
 ParOldGen       total 88576K, used 74274K [0x00000000c0000000, 0x00000000c5680000, 0x00000000eab00000)
  object space 88576K, 83% used [0x00000000c0000000,0x00000000c4888af8,0x00000000c5680000)
 Metaspace       used 58380K, committed 59712K, reserved 1114112K
  class space    used 6027K, committed 6656K, reserved 1048576K
GC Heap History (20 events):
Event: 15.708 GC heap before
{Heap before GC invocations=42 (full 2):
 PSYoungGen      total 15872K, used 15634K [0x00000000eab00000, 0x00000000ebd80000, 0x0000000100000000)
  eden space 12800K, 100% used [0x00000000eab00000,0x00000000eb780000,0x00000000eb780000)
  from space 3072K, 92% used [0x00000000eb780000,0x00000000eba44b00,0x00000000eba80000)
  to   space 3072K, 0% used [0x00000000eba80000,0x00000000eba80000,0x00000000ebd80000)
 ParOldGen       total 69120K, used 69017K [0x00000000c0000000, 0x00000000c4380000, 0x00000000eab00000)
  object space 69120K, 99% used [0x00000000c0000000,0x00000000c4366768,0x00000000c4380000)
 Metaspace       used 56990K, committed 58304K, reserved 1114112K
  class space    used 5890K, committed 6464K, reserved 1048576K
}
Event: 15.713 GC heap after
{Heap after GC invocations=42 (full 2):
 PSYoungGen      total 15872K, used 2822K [0x00000000eab00000, 0x00000000ebd80000, 0x0000000100000000)
  eden space 12800K, 0% used [0x00000000eab00000,0x00000000eab00000,0x00000000eb780000)
  from space 3072K, 91% used [0x00000000eba80000,0x00000000ebd41b78,0x00000000ebd80000)
  to   space 3072K, 0% used [0x00000000eb780000,0x00000000eb780000,0x00000000eba80000)
 ParOldGen       total 71680K, used 71678K [0x00000000c0000000, 0x00000000c4600000, 0x00000000eab00000)
  object space 71680K, 99% used [0x00000000c0000000,0x00000000c45ffa58,0x00000000c4600000)
 Metaspace       used 56990K, committed 58304K, reserved 1114112K
  class space    used 5890K, committed 6464K, reserved 1048576K
}
Event: 15.811 GC heap before
{Heap before GC invocations=43 (full 2):
 PSYoungGen      total 15872K, used 15622K [0x00000000eab00000, 0x00000000ebd80000, 0x0000000100000000)
  eden space 12800K, 100% used [0x00000000eab00000,0x00000000eb780000,0x00000000eb780000)
  from space 3072K, 91% used [0x00000000eba80000,0x00000000ebd41b78,0x00000000ebd80000)
  to   space 3072K, 0% used [0x00000000eb780000,0x00000000eb780000,0x00000000eba80000)
 ParOldGen       total 71680K, used 71678K [0x00000000c0000000, 0x00000000c4600000, 0x00000000eab00000)
  object space 71680K, 99% used [0x00000000c0000000,0x00000000c45ffa58,0x00000000c4600000)
 Metaspace       used 57368K, committed 58624K, reserved 1114112K
  class space    used 5928K, committed 6464K, reserved 1048576K
}
Event: 15.815 GC heap after
{Heap after GC invocations=43 (full 2):
 PSYoungGen      total 15872K, used 2536K [0x00000000eab00000, 0x00000000ebd80000, 0x0000000100000000)
  eden space 12800K, 0% used [0x00000000eab00000,0x00000000eab00000,0x00000000eb780000)
  from space 3072K, 82% used [0x00000000eb780000,0x00000000eb9fa358,0x00000000eba80000)
  to   space 3072K, 0% used [0x00000000eba80000,0x00000000eba80000,0x00000000ebd80000)
 ParOldGen       total 74752K, used 74368K [0x00000000c0000000, 0x00000000c4900000, 0x00000000eab00000)
  object space 74752K, 99% used [0x00000000c0000000,0x00000000c48a0208,0x00000000c4900000)
 Metaspace       used 57368K, committed 58624K, reserved 1114112K
  class space    used 5928K, committed 6464K, reserved 1048576K
}
Event: 16.024 GC heap before
{Heap before GC invocations=44 (full 2):
 PSYoungGen      total 15872K, used 15336K [0x00000000eab00000, 0x00000000ebd80000, 0x0000000100000000)
  eden space 12800K, 100% used [0x00000000eab00000,0x00000000eb780000,0x00000000eb780000)
  from space 3072K, 82% used [0x00000000eb780000,0x00000000eb9fa358,0x00000000eba80000)
  to   space 3072K, 0% used [0x00000000eba80000,0x00000000eba80000,0x00000000ebd80000)
 ParOldGen       total 74752K, used 74368K [0x00000000c0000000, 0x00000000c4900000, 0x00000000eab00000)
  object space 74752K, 99% used [0x00000000c0000000,0x00000000c48a0208,0x00000000c4900000)
 Metaspace       used 57613K, committed 58944K, reserved 1114112K
  class space    used 5955K, committed 6528K, reserved 1048576K
}
Event: 16.028 GC heap after
{Heap after GC invocations=44 (full 2):
 PSYoungGen      total 15872K, used 2798K [0x00000000eab00000, 0x00000000ebd80000, 0x0000000100000000)
  eden space 12800K, 0% used [0x00000000eab00000,0x00000000eab00000,0x00000000eb780000)
  from space 3072K, 91% used [0x00000000eba80000,0x00000000ebd3ba40,0x00000000ebd80000)
  to   space 3072K, 0% used [0x00000000eb780000,0x00000000eb780000,0x00000000eba80000)
 ParOldGen       total 76800K, used 76710K [0x00000000c0000000, 0x00000000c4b00000, 0x00000000eab00000)
  object space 76800K, 99% used [0x00000000c0000000,0x00000000c4ae9bd8,0x00000000c4b00000)
 Metaspace       used 57613K, committed 58944K, reserved 1114112K
  class space    used 5955K, committed 6528K, reserved 1048576K
}
Event: 16.181 GC heap before
{Heap before GC invocations=45 (full 2):
 PSYoungGen      total 15872K, used 15598K [0x00000000eab00000, 0x00000000ebd80000, 0x0000000100000000)
  eden space 12800K, 100% used [0x00000000eab00000,0x00000000eb780000,0x00000000eb780000)
  from space 3072K, 91% used [0x00000000eba80000,0x00000000ebd3ba40,0x00000000ebd80000)
  to   space 3072K, 0% used [0x00000000eb780000,0x00000000eb780000,0x00000000eba80000)
 ParOldGen       total 76800K, used 76710K [0x00000000c0000000, 0x00000000c4b00000, 0x00000000eab00000)
  object space 76800K, 99% used [0x00000000c0000000,0x00000000c4ae9bd8,0x00000000c4b00000)
 Metaspace       used 58013K, committed 59392K, reserved 1114112K
  class space    used 6000K, committed 6656K, reserved 1048576K
}
Event: 16.189 GC heap after
{Heap after GC invocations=45 (full 2):
 PSYoungGen      total 14848K, used 1568K [0x00000000eab00000, 0x00000000ebb80000, 0x0000000100000000)
  eden space 12800K, 0% used [0x00000000eab00000,0x00000000eab00000,0x00000000eb780000)
  from space 2048K, 76% used [0x00000000eb780000,0x00000000eb908000,0x00000000eb980000)
  to   space 2048K, 0% used [0x00000000eb980000,0x00000000eb980000,0x00000000ebb80000)
 ParOldGen       total 79872K, used 79364K [0x00000000c0000000, 0x00000000c4e00000, 0x00000000eab00000)
  object space 79872K, 99% used [0x00000000c0000000,0x00000000c4d813d8,0x00000000c4e00000)
 Metaspace       used 58013K, committed 59392K, reserved 1114112K
  class space    used 6000K, committed 6656K, reserved 1048576K
}
Event: 16.292 GC heap before
{Heap before GC invocations=46 (full 2):
 PSYoungGen      total 14848K, used 14368K [0x00000000eab00000, 0x00000000ebb80000, 0x0000000100000000)
  eden space 12800K, 100% used [0x00000000eab00000,0x00000000eb780000,0x00000000eb780000)
  from space 2048K, 76% used [0x00000000eb780000,0x00000000eb908000,0x00000000eb980000)
  to   space 2048K, 0% used [0x00000000eb980000,0x00000000eb980000,0x00000000ebb80000)
 ParOldGen       total 79872K, used 79364K [0x00000000c0000000, 0x00000000c4e00000, 0x00000000eab00000)
  object space 79872K, 99% used [0x00000000c0000000,0x00000000c4d813d8,0x00000000c4e00000)
 Metaspace       used 58077K, committed 59456K, reserved 1114112K
  class space    used 6001K, committed 6656K, reserved 1048576K
}
Event: 16.300 GC heap after
{Heap after GC invocations=46 (full 2):
 PSYoungGen      total 11264K, used 2042K [0x00000000eab00000, 0x00000000ec280000, 0x0000000100000000)
  eden space 9216K, 0% used [0x00000000eab00000,0x00000000eab00000,0x00000000eb400000)
  from space 2048K, 99% used [0x00000000eb980000,0x00000000ebb7eaf8,0x00000000ebb80000)
  to   space 5632K, 0% used [0x00000000eb400000,0x00000000eb400000,0x00000000eb980000)
 ParOldGen       total 82432K, used 82161K [0x00000000c0000000, 0x00000000c5080000, 0x00000000eab00000)
  object space 82432K, 99% used [0x00000000c0000000,0x00000000c503c5a0,0x00000000c5080000)
 Metaspace       used 58077K, committed 59456K, reserved 1114112K
  class space    used 6001K, committed 6656K, reserved 1048576K
}
Event: 16.364 GC heap before
{Heap before GC invocations=47 (full 2):
 PSYoungGen      total 11264K, used 11258K [0x00000000eab00000, 0x00000000ec280000, 0x0000000100000000)
  eden space 9216K, 100% used [0x00000000eab00000,0x00000000eb400000,0x00000000eb400000)
  from space 2048K, 99% used [0x00000000eb980000,0x00000000ebb7eaf8,0x00000000ebb80000)
  to   space 5632K, 0% used [0x00000000eb400000,0x00000000eb400000,0x00000000eb980000)
 ParOldGen       total 82432K, used 82161K [0x00000000c0000000, 0x00000000c5080000, 0x00000000eab00000)
  object space 82432K, 99% used [0x00000000c0000000,0x00000000c503c5a0,0x00000000c5080000)
 Metaspace       used 58140K, committed 59520K, reserved 1114112K
  class space    used 6005K, committed 6656K, reserved 1048576K
}
Event: 16.372 GC heap after
{Heap after GC invocations=47 (full 2):
 PSYoungGen      total 11264K, used 1581K [0x00000000eab00000, 0x00000000eba00000, 0x0000000100000000)
  eden space 9216K, 0% used [0x00000000eab00000,0x00000000eab00000,0x00000000eb400000)
  from space 2048K, 77% used [0x00000000eb400000,0x00000000eb58b4d8,0x00000000eb600000)
  to   space 3072K, 0% used [0x00000000eb700000,0x00000000eb700000,0x00000000eba00000)
 ParOldGen       total 83968K, used 83924K [0x00000000c0000000, 0x00000000c5200000, 0x00000000eab00000)
  object space 83968K, 99% used [0x00000000c0000000,0x00000000c51f5168,0x00000000c5200000)
 Metaspace       used 58140K, committed 59520K, reserved 1114112K
  class space    used 6005K, committed 6656K, reserved 1048576K
}
Event: 16.519 GC heap before
{Heap before GC invocations=48 (full 2):
 PSYoungGen      total 11264K, used 10749K [0x00000000eab00000, 0x00000000eba00000, 0x0000000100000000)
  eden space 9216K, 99% used [0x00000000eab00000,0x00000000eb3f4308,0x00000000eb400000)
  from space 2048K, 77% used [0x00000000eb400000,0x00000000eb58b4d8,0x00000000eb600000)
  to   space 3072K, 0% used [0x00000000eb700000,0x00000000eb700000,0x00000000eba00000)
 ParOldGen       total 83968K, used 83924K [0x00000000c0000000, 0x00000000c5200000, 0x00000000eab00000)
  object space 83968K, 99% used [0x00000000c0000000,0x00000000c51f5168,0x00000000c5200000)
 Metaspace       used 58216K, committed 59584K, reserved 1114112K
  class space    used 6006K, committed 6656K, reserved 1048576K
}
Event: 16.522 GC heap after
{Heap after GC invocations=48 (full 2):
 PSYoungGen      total 11264K, used 1999K [0x00000000eab00000, 0x00000000eb900000, 0x0000000100000000)
  eden space 9216K, 0% used [0x00000000eab00000,0x00000000eab00000,0x00000000eb400000)
  from space 2048K, 97% used [0x00000000eb700000,0x00000000eb8f3c48,0x00000000eb900000)
  to   space 2560K, 0% used [0x00000000eb400000,0x00000000eb400000,0x00000000eb680000)
 ParOldGen       total 85504K, used 85321K [0x00000000c0000000, 0x00000000c5380000, 0x00000000eab00000)
  object space 85504K, 99% used [0x00000000c0000000,0x00000000c53527a0,0x00000000c5380000)
 Metaspace       used 58216K, committed 59584K, reserved 1114112K
  class space    used 6006K, committed 6656K, reserved 1048576K
}
Event: 16.584 GC heap before
{Heap before GC invocations=49 (full 2):
 PSYoungGen      total 11264K, used 11215K [0x00000000eab00000, 0x00000000eb900000, 0x0000000100000000)
  eden space 9216K, 100% used [0x00000000eab00000,0x00000000eb400000,0x00000000eb400000)
  from space 2048K, 97% used [0x00000000eb700000,0x00000000eb8f3c48,0x00000000eb900000)
  to   space 2560K, 0% used [0x00000000eb400000,0x00000000eb400000,0x00000000eb680000)
 ParOldGen       total 85504K, used 85321K [0x00000000c0000000, 0x00000000c5380000, 0x00000000eab00000)
  object space 85504K, 99% used [0x00000000c0000000,0x00000000c53527a0,0x00000000c5380000)
 Metaspace       used 58355K, committed 59712K, reserved 1114112K
  class space    used 6023K, committed 6656K, reserved 1048576K
}
Event: 16.589 GC heap after
{Heap after GC invocations=49 (full 2):
 PSYoungGen      total 11264K, used 1656K [0x00000000eab00000, 0x00000000eb800000, 0x0000000100000000)
  eden space 9216K, 0% used [0x00000000eab00000,0x00000000eab00000,0x00000000eb400000)
  from space 2048K, 80% used [0x00000000eb400000,0x00000000eb59e218,0x00000000eb600000)
  to   space 2048K, 0% used [0x00000000eb600000,0x00000000eb600000,0x00000000eb800000)
 ParOldGen       total 87040K, used 86947K [0x00000000c0000000, 0x00000000c5500000, 0x00000000eab00000)
  object space 87040K, 99% used [0x00000000c0000000,0x00000000c54e8c70,0x00000000c5500000)
 Metaspace       used 58355K, committed 59712K, reserved 1114112K
  class space    used 6023K, committed 6656K, reserved 1048576K
}
Event: 16.687 GC heap before
{Heap before GC invocations=50 (full 2):
 PSYoungGen      total 11264K, used 10872K [0x00000000eab00000, 0x00000000eb800000, 0x0000000100000000)
  eden space 9216K, 100% used [0x00000000eab00000,0x00000000eb400000,0x00000000eb400000)
  from space 2048K, 80% used [0x00000000eb400000,0x00000000eb59e218,0x00000000eb600000)
  to   space 2048K, 0% used [0x00000000eb600000,0x00000000eb600000,0x00000000eb800000)
 ParOldGen       total 87040K, used 86947K [0x00000000c0000000, 0x00000000c5500000, 0x00000000eab00000)
  object space 87040K, 99% used [0x00000000c0000000,0x00000000c54e8c70,0x00000000c5500000)
 Metaspace       used 58355K, committed 59712K, reserved 1114112K
  class space    used 6023K, committed 6656K, reserved 1048576K
}
Event: 16.691 GC heap after
{Heap after GC invocations=50 (full 2):
 PSYoungGen      total 11264K, used 10872K [0x00000000eab00000, 0x00000000eb800000, 0x0000000100000000)
  eden space 9216K, 100% used [0x00000000eab00000,0x00000000eb400000,0x00000000eb400000)
  from space 2048K, 80% used [0x00000000eb400000,0x00000000eb59e218,0x00000000eb600000)
  to   space 2048K, 99% used [0x00000000eb600000,0x00000000eb7fc6e8,0x00000000eb800000)
 ParOldGen       total 88576K, used 88113K [0x00000000c0000000, 0x00000000c5680000, 0x00000000eab00000)
  object space 88576K, 99% used [0x00000000c0000000,0x00000000c560c5f8,0x00000000c5680000)
 Metaspace       used 58355K, committed 59712K, reserved 1114112K
  class space    used 6023K, committed 6656K, reserved 1048576K
}
Event: 16.691 GC heap before
{Heap before GC invocations=51 (full 3):
 PSYoungGen      total 11264K, used 10872K [0x00000000eab00000, 0x00000000eb800000, 0x0000000100000000)
  eden space 9216K, 100% used [0x00000000eab00000,0x00000000eb400000,0x00000000eb400000)
  from space 2048K, 80% used [0x00000000eb400000,0x00000000eb59e218,0x00000000eb600000)
  to   space 2048K, 99% used [0x00000000eb600000,0x00000000eb7fc6e8,0x00000000eb800000)
 ParOldGen       total 88576K, used 88113K [0x00000000c0000000, 0x00000000c5680000, 0x00000000eab00000)
  object space 88576K, 99% used [0x00000000c0000000,0x00000000c560c5f8,0x00000000c5680000)
 Metaspace       used 58355K, committed 59712K, reserved 1114112K
  class space    used 6023K, committed 6656K, reserved 1048576K
}
Event: 17.484 GC heap after
{Heap after GC invocations=51 (full 3):
 PSYoungGen      total 11264K, used 0K [0x00000000eab00000, 0x00000000eb800000, 0x0000000100000000)
  eden space 9216K, 0% used [0x00000000eab00000,0x00000000eab00000,0x00000000eb400000)
  from space 2048K, 0% used [0x00000000eb600000,0x00000000eb600000,0x00000000eb800000)
  to   space 2048K, 0% used [0x00000000eb400000,0x00000000eb400000,0x00000000eb600000)
 ParOldGen       total 88576K, used 74274K [0x00000000c0000000, 0x00000000c5680000, 0x00000000eab00000)
  object space 88576K, 83% used [0x00000000c0000000,0x00000000c4888af8,0x00000000c5680000)
 Metaspace       used 58353K, committed 59712K, reserved 1114112K
  class space    used 6022K, committed 6656K, reserved 1048576K
}

