# JRE version: OpenJDK Runtime Environment Temurin-21.0.6+7 (21.0.6+7) (build 21.0.6+7-LTS)
# Java VM: OpenJDK 64-Bit Server VM Temurin-21.0.6+7 (21.0.6+7-LTS, mixed mode, sharing, tiered, compressed oops, compressed class ptrs, parallel gc, windows-amd64)
GC Precious Log:
 CardTable entry size: 512
 CPUs: 8 total, 8 available
 Memory: 8033M
 Large Page Support: Disabled
 NUMA Support: Disabled
 Compressed Oops: Enabled (32-bit)
 Alignments: Space 512K, Generation 512K, Heap 2M
 Heap Min Capacity: 100M
 Heap Initial Capacity: 100M
 Heap Max Capacity: 1G
 Pre-touch: Disabled
 Parallel Workers: 8
Heap:
 PSYoungGen      total 6656K, used 0K [0x00000000eab00000, 0x00000000eb300000, 0x0000000100000000)
  eden space 6144K, 0% used [0x00000000eab00000,0x00000000eab00000,0x00000000eb100000)
  from space 512K, 0% used [0x00000000eb200000,0x00000000eb200000,0x00000000eb280000)
  to   space 512K, 0% used [0x00000000eb280000,0x00000000eb280000,0x00000000eb300000)
 ParOldGen       total 638464K, used 637006K [0x00000000c0000000, 0x00000000e6f80000, 0x00000000eab00000)
  object space 638464K, 99% used [0x00000000c0000000,0x00000000e6e13b78,0x00000000e6f80000)
 Metaspace       used 67885K, committed 69440K, reserved 1114112K
  class space    used 6927K, committed 7680K, reserved 1048576K
GC Heap History (20 events):
Event: 54.922 GC heap before
{Heap before GC invocations=581 (full 3):
 PSYoungGen      total 4096K, used 3360K [0x00000000eab00000, 0x00000000eb400000, 0x0000000100000000)
  eden space 3072K, 100% used [0x00000000eab00000,0x00000000eae00000,0x00000000eae00000)
  from space 1024K, 28% used [0x00000000eb280000,0x00000000eb2c8000,0x00000000eb380000)
  to   space 512K, 0% used [0x00000000eb380000,0x00000000eb380000,0x00000000eb400000)
 ParOldGen       total 588800K, used 588618K [0x00000000c0000000, 0x00000000e3f00000, 0x00000000eab00000)
  object space 588800K, 99% used [0x00000000c0000000,0x00000000e3ed2a00,0x00000000e3f00000)
 Metaspace       used 67135K, committed 68608K, reserved 1114112K
  class space    used 6839K, committed 7488K, reserved 1048576K
}
Event: 54.927 GC heap after
{Heap after GC invocations=581 (full 3):
 PSYoungGen      total 3584K, used 496K [0x00000000eab00000, 0x00000000eb400000, 0x0000000100000000)
  eden space 3072K, 0% used [0x00000000eab00000,0x00000000eab00000,0x00000000eae00000)
  from space 512K, 96% used [0x00000000eb380000,0x00000000eb3fc010,0x00000000eb400000)
  to   space 1024K, 0% used [0x00000000eb200000,0x00000000eb200000,0x00000000eb300000)
 ParOldGen       total 588800K, used 588706K [0x00000000c0000000, 0x00000000e3f00000, 0x00000000eab00000)
  object space 588800K, 99% used [0x00000000c0000000,0x00000000e3ee8a00,0x00000000e3f00000)
 Metaspace       used 67135K, committed 68608K, reserved 1114112K
  class space    used 6839K, committed 7488K, reserved 1048576K
}
Event: 54.994 GC heap before
{Heap before GC invocations=582 (full 3):
 PSYoungGen      total 3584K, used 3568K [0x00000000eab00000, 0x00000000eb400000, 0x0000000100000000)
  eden space 3072K, 100% used [0x00000000eab00000,0x00000000eae00000,0x00000000eae00000)
  from space 512K, 96% used [0x00000000eb380000,0x00000000eb3fc010,0x00000000eb400000)
  to   space 1024K, 0% used [0x00000000eb200000,0x00000000eb200000,0x00000000eb300000)
 ParOldGen       total 588800K, used 588706K [0x00000000c0000000, 0x00000000e3f00000, 0x00000000eab00000)
  object space 588800K, 99% used [0x00000000c0000000,0x00000000e3ee8a00,0x00000000e3f00000)
 Metaspace       used 67217K, committed 68736K, reserved 1114112K
  class space    used 6851K, committed 7552K, reserved 1048576K
}
Event: 54.998 GC heap after
{Heap after GC invocations=582 (full 3):
 PSYoungGen      total 4096K, used 608K [0x00000000eab00000, 0x00000000eb400000, 0x0000000100000000)
  eden space 3072K, 0% used [0x00000000eab00000,0x00000000eab00000,0x00000000eae00000)
  from space 1024K, 59% used [0x00000000eb200000,0x00000000eb298000,0x00000000eb300000)
  to   space 1024K, 0% used [0x00000000eb300000,0x00000000eb300000,0x00000000eb400000)
 ParOldGen       total 589312K, used 589140K [0x00000000c0000000, 0x00000000e3f80000, 0x00000000eab00000)
  object space 589312K, 99% used [0x00000000c0000000,0x00000000e3f55320,0x00000000e3f80000)
 Metaspace       used 67217K, committed 68736K, reserved 1114112K
  class space    used 6851K, committed 7552K, reserved 1048576K
}
Event: 55.037 GC heap before
{Heap before GC invocations=583 (full 3):
 PSYoungGen      total 4096K, used 3656K [0x00000000eab00000, 0x00000000eb400000, 0x0000000100000000)
  eden space 3072K, 99% used [0x00000000eab00000,0x00000000eadfa088,0x00000000eae00000)
  from space 1024K, 59% used [0x00000000eb200000,0x00000000eb298000,0x00000000eb300000)
  to   space 1024K, 0% used [0x00000000eb300000,0x00000000eb300000,0x00000000eb400000)
 ParOldGen       total 589312K, used 589140K [0x00000000c0000000, 0x00000000e3f80000, 0x00000000eab00000)
  object space 589312K, 99% used [0x00000000c0000000,0x00000000e3f55320,0x00000000e3f80000)
 Metaspace       used 67357K, committed 68864K, reserved 1114112K
  class space    used 6863K, committed 7552K, reserved 1048576K
}
Event: 55.043 GC heap after
{Heap after GC invocations=583 (full 3):
 PSYoungGen      total 3584K, used 445K [0x00000000eab00000, 0x00000000eb380000, 0x0000000100000000)
  eden space 3072K, 0% used [0x00000000eab00000,0x00000000eab00000,0x00000000eae00000)
  from space 512K, 86% used [0x00000000eb300000,0x00000000eb36f430,0x00000000eb380000)
  to   space 512K, 0% used [0x00000000eb280000,0x00000000eb280000,0x00000000eb300000)
 ParOldGen       total 591360K, used 590989K [0x00000000c0000000, 0x00000000e4180000, 0x00000000eab00000)
  object space 591360K, 99% used [0x00000000c0000000,0x00000000e4123420,0x00000000e4180000)
 Metaspace       used 67357K, committed 68864K, reserved 1114112K
  class space    used 6863K, committed 7552K, reserved 1048576K
}
Event: 55.071 GC heap before
{Heap before GC invocations=584 (full 3):
 PSYoungGen      total 3584K, used 3517K [0x00000000eab00000, 0x00000000eb380000, 0x0000000100000000)
  eden space 3072K, 100% used [0x00000000eab00000,0x00000000eae00000,0x00000000eae00000)
  from space 512K, 86% used [0x00000000eb300000,0x00000000eb36f430,0x00000000eb380000)
  to   space 512K, 0% used [0x00000000eb280000,0x00000000eb280000,0x00000000eb300000)
 ParOldGen       total 591360K, used 590989K [0x00000000c0000000, 0x00000000e4180000, 0x00000000eab00000)
  object space 591360K, 99% used [0x00000000c0000000,0x00000000e4123420,0x00000000e4180000)
 Metaspace       used 67389K, committed 68864K, reserved 1114112K
  class space    used 6865K, committed 7552K, reserved 1048576K
}
Event: 55.078 GC heap after
{Heap after GC invocations=584 (full 3):
 PSYoungGen      total 3584K, used 498K [0x00000000eab00000, 0x00000000eb400000, 0x0000000100000000)
  eden space 3072K, 0% used [0x00000000eab00000,0x00000000eab00000,0x00000000eae00000)
  from space 512K, 97% used [0x00000000eb280000,0x00000000eb2fc860,0x00000000eb300000)
  to   space 1024K, 0% used [0x00000000eb300000,0x00000000eb300000,0x00000000eb400000)
 ParOldGen       total 593408K, used 592942K [0x00000000c0000000, 0x00000000e4380000, 0x00000000eab00000)
  object space 593408K, 99% used [0x00000000c0000000,0x00000000e430baa0,0x00000000e4380000)
 Metaspace       used 67389K, committed 68864K, reserved 1114112K
  class space    used 6865K, committed 7552K, reserved 1048576K
}
Event: 55.104 GC heap before
{Heap before GC invocations=585 (full 3):
 PSYoungGen      total 3584K, used 3570K [0x00000000eab00000, 0x00000000eb400000, 0x0000000100000000)
  eden space 3072K, 100% used [0x00000000eab00000,0x00000000eae00000,0x00000000eae00000)
  from space 512K, 97% used [0x00000000eb280000,0x00000000eb2fc860,0x00000000eb300000)
  to   space 1024K, 0% used [0x00000000eb300000,0x00000000eb300000,0x00000000eb400000)
 ParOldGen       total 593408K, used 592942K [0x00000000c0000000, 0x00000000e4380000, 0x00000000eab00000)
  object space 593408K, 99% used [0x00000000c0000000,0x00000000e430baa0,0x00000000e4380000)
 Metaspace       used 67436K, committed 68928K, reserved 1114112K
  class space    used 6869K, committed 7552K, reserved 1048576K
}
Event: 55.109 GC heap after
{Heap after GC invocations=585 (full 3):
 PSYoungGen      total 4096K, used 799K [0x00000000eab00000, 0x00000000eb400000, 0x0000000100000000)
  eden space 3072K, 0% used [0x00000000eab00000,0x00000000eab00000,0x00000000eae00000)
  from space 1024K, 78% used [0x00000000eb300000,0x00000000eb3c7cd0,0x00000000eb400000)
  to   space 1536K, 0% used [0x00000000eb100000,0x00000000eb100000,0x00000000eb280000)
 ParOldGen       total 593920K, used 593411K [0x00000000c0000000, 0x00000000e4400000, 0x00000000eab00000)
  object space 593920K, 99% used [0x00000000c0000000,0x00000000e4380fd8,0x00000000e4400000)
 Metaspace       used 67436K, committed 68928K, reserved 1114112K
  class space    used 6869K, committed 7552K, reserved 1048576K
}
Event: 55.152 GC heap before
{Heap before GC invocations=586 (full 3):
 PSYoungGen      total 4096K, used 3635K [0x00000000eab00000, 0x00000000eb400000, 0x0000000100000000)
  eden space 3072K, 92% used [0x00000000eab00000,0x00000000eadc5310,0x00000000eae00000)
  from space 1024K, 78% used [0x00000000eb300000,0x00000000eb3c7cd0,0x00000000eb400000)
  to   space 1536K, 0% used [0x00000000eb100000,0x00000000eb100000,0x00000000eb280000)
 ParOldGen       total 593920K, used 593411K [0x00000000c0000000, 0x00000000e4400000, 0x00000000eab00000)
  object space 593920K, 99% used [0x00000000c0000000,0x00000000e4380fd8,0x00000000e4400000)
 Metaspace       used 67623K, committed 69056K, reserved 1114112K
  class space    used 6901K, committed 7552K, reserved 1048576K
}
Event: 55.156 GC heap after
{Heap after GC invocations=586 (full 3):
 PSYoungGen      total 4608K, used 640K [0x00000000eab00000, 0x00000000eb380000, 0x0000000100000000)
  eden space 3072K, 0% used [0x00000000eab00000,0x00000000eab00000,0x00000000eae00000)
  from space 1536K, 41% used [0x00000000eb100000,0x00000000eb1a0020,0x00000000eb280000)
  to   space 1024K, 0% used [0x00000000eb280000,0x00000000eb280000,0x00000000eb380000)
 ParOldGen       total 593920K, used 593915K [0x00000000c0000000, 0x00000000e4400000, 0x00000000eab00000)
  object space 593920K, 99% used [0x00000000c0000000,0x00000000e43fefd8,0x00000000e4400000)
 Metaspace       used 67623K, committed 69056K, reserved 1114112K
  class space    used 6901K, committed 7552K, reserved 1048576K
}
Event: 55.171 GC heap before
{Heap before GC invocations=587 (full 3):
 PSYoungGen      total 4608K, used 3543K [0x00000000eab00000, 0x00000000eb380000, 0x0000000100000000)
  eden space 3072K, 94% used [0x00000000eab00000,0x00000000eadd5c08,0x00000000eae00000)
  from space 1536K, 41% used [0x00000000eb100000,0x00000000eb1a0020,0x00000000eb280000)
  to   space 1024K, 0% used [0x00000000eb280000,0x00000000eb280000,0x00000000eb380000)
 ParOldGen       total 593920K, used 593915K [0x00000000c0000000, 0x00000000e4400000, 0x00000000eab00000)
  object space 593920K, 99% used [0x00000000c0000000,0x00000000e43fefd8,0x00000000e4400000)
 Metaspace       used 67693K, committed 69184K, reserved 1114112K
  class space    used 6909K, committed 7616K, reserved 1048576K
}
Event: 55.176 GC heap after
{Heap after GC invocations=587 (full 3):
 PSYoungGen      total 3584K, used 192K [0x00000000eab00000, 0x00000000eb300000, 0x0000000100000000)
  eden space 3072K, 0% used [0x00000000eab00000,0x00000000eab00000,0x00000000eae00000)
  from space 512K, 37% used [0x00000000eb280000,0x00000000eb2b0000,0x00000000eb300000)
  to   space 512K, 0% used [0x00000000eb200000,0x00000000eb200000,0x00000000eb280000)
 ParOldGen       total 594432K, used 594420K [0x00000000c0000000, 0x00000000e4480000, 0x00000000eab00000)
  object space 594432K, 99% used [0x00000000c0000000,0x00000000e447d288,0x00000000e4480000)
 Metaspace       used 67693K, committed 69184K, reserved 1114112K
  class space    used 6909K, committed 7616K, reserved 1048576K
}
Event: 55.198 GC heap before
{Heap before GC invocations=588 (full 3):
 PSYoungGen      total 3584K, used 3145K [0x00000000eab00000, 0x00000000eb300000, 0x0000000100000000)
  eden space 3072K, 96% used [0x00000000eab00000,0x00000000eade24f0,0x00000000eae00000)
  from space 512K, 37% used [0x00000000eb280000,0x00000000eb2b0000,0x00000000eb300000)
  to   space 512K, 0% used [0x00000000eb200000,0x00000000eb200000,0x00000000eb280000)
 ParOldGen       total 594432K, used 594420K [0x00000000c0000000, 0x00000000e4480000, 0x00000000eab00000)
  object space 594432K, 99% used [0x00000000c0000000,0x00000000e447d288,0x00000000e4480000)
 Metaspace       used 67809K, committed 69312K, reserved 1114112K
  class space    used 6917K, committed 7616K, reserved 1048576K
}
Event: 55.220 GC heap after
{Heap after GC invocations=588 (full 3):
 PSYoungGen      total 4608K, used 160K [0x00000000eab00000, 0x00000000eb300000, 0x0000000100000000)
  eden space 4096K, 0% used [0x00000000eab00000,0x00000000eab00000,0x00000000eaf00000)
  from space 512K, 31% used [0x00000000eb200000,0x00000000eb228000,0x00000000eb280000)
  to   space 512K, 0% used [0x00000000eb280000,0x00000000eb280000,0x00000000eb300000)
 ParOldGen       total 596480K, used 595790K [0x00000000c0000000, 0x00000000e4680000, 0x00000000eab00000)
  object space 596480K, 99% used [0x00000000c0000000,0x00000000e45d3a08,0x00000000e4680000)
 Metaspace       used 67809K, committed 69312K, reserved 1114112K
  class space    used 6917K, committed 7616K, reserved 1048576K
}
Event: 55.252 GC heap before
{Heap before GC invocations=589 (full 3):
 PSYoungGen      total 4608K, used 3977K [0x00000000eab00000, 0x00000000eb300000, 0x0000000100000000)
  eden space 4096K, 93% used [0x00000000eab00000,0x00000000eaeba738,0x00000000eaf00000)
  from space 512K, 31% used [0x00000000eb200000,0x00000000eb228000,0x00000000eb280000)
  to   space 512K, 0% used [0x00000000eb280000,0x00000000eb280000,0x00000000eb300000)
 ParOldGen       total 596480K, used 595790K [0x00000000c0000000, 0x00000000e4680000, 0x00000000eab00000)
  object space 596480K, 99% used [0x00000000c0000000,0x00000000e45d3a08,0x00000000e4680000)
 Metaspace       used 67820K, committed 69312K, reserved 1114112K
  class space    used 6917K, committed 7616K, reserved 1048576K
}
Event: 55.255 GC heap after
{Heap after GC invocations=589 (full 3):
 PSYoungGen      total 4608K, used 128K [0x00000000eab00000, 0x00000000eb300000, 0x0000000100000000)
  eden space 4096K, 0% used [0x00000000eab00000,0x00000000eab00000,0x00000000eaf00000)
  from space 512K, 25% used [0x00000000eb280000,0x00000000eb2a0000,0x00000000eb300000)
  to   space 512K, 0% used [0x00000000eb200000,0x00000000eb200000,0x00000000eb280000)
 ParOldGen       total 596480K, used 595854K [0x00000000c0000000, 0x00000000e4680000, 0x00000000eab00000)
  object space 596480K, 99% used [0x00000000c0000000,0x00000000e45e3a08,0x00000000e4680000)
 Metaspace       used 67820K, committed 69312K, reserved 1114112K
  class space    used 6917K, committed 7616K, reserved 1048576K
}
Event: 55.268 GC heap before
{Heap before GC invocations=590 (full 3):
 PSYoungGen      total 4608K, used 3807K [0x00000000eab00000, 0x00000000eb300000, 0x0000000100000000)
  eden space 4096K, 89% used [0x00000000eab00000,0x00000000eae97c18,0x00000000eaf00000)
  from space 512K, 25% used [0x00000000eb280000,0x00000000eb2a0000,0x00000000eb300000)
  to   space 512K, 0% used [0x00000000eb200000,0x00000000eb200000,0x00000000eb280000)
 ParOldGen       total 596480K, used 595854K [0x00000000c0000000, 0x00000000e4680000, 0x00000000eab00000)
  object space 596480K, 99% used [0x00000000c0000000,0x00000000e45e3a08,0x00000000e4680000)
 Metaspace       used 67828K, committed 69376K, reserved 1114112K
  class space    used 6918K, committed 7616K, reserved 1048576K
}
Event: 55.273 GC heap after
{Heap after GC invocations=590 (full 3):
 PSYoungGen      total 5632K, used 393K [0x00000000eab00000, 0x00000000eb300000, 0x0000000100000000)
  eden space 5120K, 0% used [0x00000000eab00000,0x00000000eab00000,0x00000000eb000000)
  from space 512K, 76% used [0x00000000eb200000,0x00000000eb2625a8,0x00000000eb280000)
  to   space 512K, 0% used [0x00000000eb280000,0x00000000eb280000,0x00000000eb300000)
 ParOldGen       total 600064K, used 599115K [0x00000000c0000000, 0x00000000e4a00000, 0x00000000eab00000)
  object space 600064K, 99% used [0x00000000c0000000,0x00000000e4912da8,0x00000000e4a00000)
 Metaspace       used 67828K, committed 69376K, reserved 1114112K
  class space    used 6918K, committed 7616K, reserved 1048576K
}

