# JRE version: OpenJDK Runtime Environment Temurin-21.0.6+7 (21.0.6+7) (build 21.0.6+7-LTS)
# Java VM: OpenJDK 64-Bit Server VM Temurin-21.0.6+7 (21.0.6+7-LTS, mixed mode, sharing, tiered, compressed oops, compressed class ptrs, parallel gc, windows-amd64)
GC Precious Log:
 CardTable entry size: 512
 CPUs: 8 total, 8 available
 Memory: 8033M
 Large Page Support: Disabled
 NUMA Support: Disabled
 Compressed Oops: Enabled (32-bit)
 Alignments: Space 512K, Generation 512K, Heap 2M
 Heap Min Capacity: 100M
 Heap Initial Capacity: 100M
 Heap Max Capacity: 1G
 Pre-touch: Disabled
 Parallel Workers: 8
Heap:
 PSYoungGen      total 11264K, used 8267K [0x00000000eab00000, 0x00000000eb900000, 0x0000000100000000)
  eden space 9216K, 69% used [0x00000000eab00000,0x00000000eb1363a0,0x00000000eb400000)
  from space 2048K, 93% used [0x00000000eb700000,0x00000000eb8dc9a8,0x00000000eb900000)
  to   space 2560K, 0% used [0x00000000eb400000,0x00000000eb400000,0x00000000eb680000)
 ParOldGen       total 301568K, used 301381K [0x00000000c0000000, 0x00000000d2680000, 0x00000000eab00000)
  object space 301568K, 99% used [0x00000000c0000000,0x00000000d26514b0,0x00000000d2680000)
 Metaspace       used 60596K, committed 62080K, reserved 1114112K
  class space    used 6289K, committed 6912K, reserved 1048576K
GC Heap History (20 events):
Event: 18.244 GC heap before
{Heap before GC invocations=290 (full 3):
 PSYoungGen      total 4096K, used 4085K [0x00000000eab00000, 0x00000000eb100000, 0x0000000100000000)
  eden space 3072K, 100% used [0x00000000eab00000,0x00000000eae00000,0x00000000eae00000)
  from space 1024K, 98% used [0x00000000eb000000,0x00000000eb0fd658,0x00000000eb100000)
  to   space 1536K, 0% used [0x00000000eae00000,0x00000000eae00000,0x00000000eaf80000)
 ParOldGen       total 283648K, used 283298K [0x00000000c0000000, 0x00000000d1500000, 0x00000000eab00000)
  object space 283648K, 99% used [0x00000000c0000000,0x00000000d14a88b0,0x00000000d1500000)
 Metaspace       used 60582K, committed 62016K, reserved 1114112K
  class space    used 6289K, committed 6912K, reserved 1048576K
}
Event: 18.246 GC heap after
{Heap after GC invocations=290 (full 3):
 PSYoungGen      total 4608K, used 1212K [0x00000000eab00000, 0x00000000eb200000, 0x0000000100000000)
  eden space 3072K, 0% used [0x00000000eab00000,0x00000000eab00000,0x00000000eae00000)
  from space 1536K, 78% used [0x00000000eae00000,0x00000000eaf2f150,0x00000000eaf80000)
  to   space 1536K, 0% used [0x00000000eb080000,0x00000000eb080000,0x00000000eb200000)
 ParOldGen       total 284672K, used 284244K [0x00000000c0000000, 0x00000000d1600000, 0x00000000eab00000)
  object space 284672K, 99% used [0x00000000c0000000,0x00000000d15950d0,0x00000000d1600000)
 Metaspace       used 60582K, committed 62016K, reserved 1114112K
  class space    used 6289K, committed 6912K, reserved 1048576K
}
Event: 18.251 GC heap before
{Heap before GC invocations=291 (full 3):
 PSYoungGen      total 4608K, used 4279K [0x00000000eab00000, 0x00000000eb200000, 0x0000000100000000)
  eden space 3072K, 99% used [0x00000000eab00000,0x00000000eadfee60,0x00000000eae00000)
  from space 1536K, 78% used [0x00000000eae00000,0x00000000eaf2f150,0x00000000eaf80000)
  to   space 1536K, 0% used [0x00000000eb080000,0x00000000eb080000,0x00000000eb200000)
 ParOldGen       total 284672K, used 284244K [0x00000000c0000000, 0x00000000d1600000, 0x00000000eab00000)
  object space 284672K, 99% used [0x00000000c0000000,0x00000000d15950d0,0x00000000d1600000)
 Metaspace       used 60582K, committed 62016K, reserved 1114112K
  class space    used 6289K, committed 6912K, reserved 1048576K
}
Event: 18.253 GC heap after
{Heap after GC invocations=291 (full 3):
 PSYoungGen      total 5632K, used 1331K [0x00000000eab00000, 0x00000000eb200000, 0x0000000100000000)
  eden space 4096K, 0% used [0x00000000eab00000,0x00000000eab00000,0x00000000eaf00000)
  from space 1536K, 86% used [0x00000000eb080000,0x00000000eb1ccea8,0x00000000eb200000)
  to   space 1536K, 0% used [0x00000000eaf00000,0x00000000eaf00000,0x00000000eb080000)
 ParOldGen       total 285696K, used 285346K [0x00000000c0000000, 0x00000000d1700000, 0x00000000eab00000)
  object space 285696K, 99% used [0x00000000c0000000,0x00000000d16a8880,0x00000000d1700000)
 Metaspace       used 60582K, committed 62016K, reserved 1114112K
  class space    used 6289K, committed 6912K, reserved 1048576K
}
Event: 18.265 GC heap before
{Heap before GC invocations=292 (full 3):
 PSYoungGen      total 5632K, used 5427K [0x00000000eab00000, 0x00000000eb200000, 0x0000000100000000)
  eden space 4096K, 100% used [0x00000000eab00000,0x00000000eaf00000,0x00000000eaf00000)
  from space 1536K, 86% used [0x00000000eb080000,0x00000000eb1ccea8,0x00000000eb200000)
  to   space 1536K, 0% used [0x00000000eaf00000,0x00000000eaf00000,0x00000000eb080000)
 ParOldGen       total 285696K, used 285346K [0x00000000c0000000, 0x00000000d1700000, 0x00000000eab00000)
  object space 285696K, 99% used [0x00000000c0000000,0x00000000d16a8880,0x00000000d1700000)
 Metaspace       used 60582K, committed 62016K, reserved 1114112K
  class space    used 6289K, committed 6912K, reserved 1048576K
}
Event: 18.269 GC heap after
{Heap after GC invocations=292 (full 3):
 PSYoungGen      total 5632K, used 1517K [0x00000000eab00000, 0x00000000eb400000, 0x0000000100000000)
  eden space 4096K, 0% used [0x00000000eab00000,0x00000000eab00000,0x00000000eaf00000)
  from space 1536K, 98% used [0x00000000eaf00000,0x00000000eb07b458,0x00000000eb080000)
  to   space 2048K, 0% used [0x00000000eb200000,0x00000000eb200000,0x00000000eb400000)
 ParOldGen       total 286720K, used 286673K [0x00000000c0000000, 0x00000000d1800000, 0x00000000eab00000)
  object space 286720K, 99% used [0x00000000c0000000,0x00000000d17f47a0,0x00000000d1800000)
 Metaspace       used 60582K, committed 62016K, reserved 1114112K
  class space    used 6289K, committed 6912K, reserved 1048576K
}
Event: 18.275 GC heap before
{Heap before GC invocations=293 (full 3):
 PSYoungGen      total 5632K, used 5613K [0x00000000eab00000, 0x00000000eb400000, 0x0000000100000000)
  eden space 4096K, 100% used [0x00000000eab00000,0x00000000eaf00000,0x00000000eaf00000)
  from space 1536K, 98% used [0x00000000eaf00000,0x00000000eb07b458,0x00000000eb080000)
  to   space 2048K, 0% used [0x00000000eb200000,0x00000000eb200000,0x00000000eb400000)
 ParOldGen       total 286720K, used 286673K [0x00000000c0000000, 0x00000000d1800000, 0x00000000eab00000)
  object space 286720K, 99% used [0x00000000c0000000,0x00000000d17f47a0,0x00000000d1800000)
 Metaspace       used 60582K, committed 62016K, reserved 1114112K
  class space    used 6289K, committed 6912K, reserved 1048576K
}
Event: 18.277 GC heap after
{Heap after GC invocations=293 (full 3):
 PSYoungGen      total 7168K, used 1597K [0x00000000eab00000, 0x00000000eb400000, 0x0000000100000000)
  eden space 5120K, 0% used [0x00000000eab00000,0x00000000eab00000,0x00000000eb000000)
  from space 2048K, 78% used [0x00000000eb200000,0x00000000eb38f748,0x00000000eb400000)
  to   space 2048K, 0% used [0x00000000eb000000,0x00000000eb000000,0x00000000eb200000)
 ParOldGen       total 288256K, used 288069K [0x00000000c0000000, 0x00000000d1980000, 0x00000000eab00000)
  object space 288256K, 99% used [0x00000000c0000000,0x00000000d1951468,0x00000000d1980000)
 Metaspace       used 60582K, committed 62016K, reserved 1114112K
  class space    used 6289K, committed 6912K, reserved 1048576K
}
Event: 18.285 GC heap before
{Heap before GC invocations=294 (full 3):
 PSYoungGen      total 7168K, used 6658K [0x00000000eab00000, 0x00000000eb400000, 0x0000000100000000)
  eden space 5120K, 98% used [0x00000000eab00000,0x00000000eaff12b0,0x00000000eb000000)
  from space 2048K, 78% used [0x00000000eb200000,0x00000000eb38f748,0x00000000eb400000)
  to   space 2048K, 0% used [0x00000000eb000000,0x00000000eb000000,0x00000000eb200000)
 ParOldGen       total 288256K, used 288069K [0x00000000c0000000, 0x00000000d1980000, 0x00000000eab00000)
  object space 288256K, 99% used [0x00000000c0000000,0x00000000d1951468,0x00000000d1980000)
 Metaspace       used 60582K, committed 62016K, reserved 1114112K
  class space    used 6289K, committed 6912K, reserved 1048576K
}
Event: 18.288 GC heap after
{Heap after GC invocations=294 (full 3):
 PSYoungGen      total 7168K, used 2026K [0x00000000eab00000, 0x00000000eb900000, 0x0000000100000000)
  eden space 5120K, 0% used [0x00000000eab00000,0x00000000eab00000,0x00000000eb000000)
  from space 2048K, 98% used [0x00000000eb000000,0x00000000eb1faa48,0x00000000eb200000)
  to   space 4096K, 0% used [0x00000000eb500000,0x00000000eb500000,0x00000000eb900000)
 ParOldGen       total 289792K, used 289668K [0x00000000c0000000, 0x00000000d1b00000, 0x00000000eab00000)
  object space 289792K, 99% used [0x00000000c0000000,0x00000000d1ae11a8,0x00000000d1b00000)
 Metaspace       used 60582K, committed 62016K, reserved 1114112K
  class space    used 6289K, committed 6912K, reserved 1048576K
}
Event: 18.298 GC heap before
{Heap before GC invocations=295 (full 3):
 PSYoungGen      total 7168K, used 7078K [0x00000000eab00000, 0x00000000eb900000, 0x0000000100000000)
  eden space 5120K, 98% used [0x00000000eab00000,0x00000000eafeee90,0x00000000eb000000)
  from space 2048K, 98% used [0x00000000eb000000,0x00000000eb1faa48,0x00000000eb200000)
  to   space 4096K, 0% used [0x00000000eb500000,0x00000000eb500000,0x00000000eb900000)
 ParOldGen       total 289792K, used 289668K [0x00000000c0000000, 0x00000000d1b00000, 0x00000000eab00000)
  object space 289792K, 99% used [0x00000000c0000000,0x00000000d1ae11a8,0x00000000d1b00000)
 Metaspace       used 60582K, committed 62016K, reserved 1114112K
  class space    used 6289K, committed 6912K, reserved 1048576K
}
Event: 18.301 GC heap after
{Heap after GC invocations=295 (full 3):
 PSYoungGen      total 8704K, used 2089K [0x00000000eab00000, 0x00000000eb780000, 0x0000000100000000)
  eden space 6144K, 0% used [0x00000000eab00000,0x00000000eab00000,0x00000000eb100000)
  from space 2560K, 81% used [0x00000000eb500000,0x00000000eb70a7e0,0x00000000eb780000)
  to   space 3072K, 0% used [0x00000000eb180000,0x00000000eb180000,0x00000000eb480000)
 ParOldGen       total 291840K, used 291503K [0x00000000c0000000, 0x00000000d1d00000, 0x00000000eab00000)
  object space 291840K, 99% used [0x00000000c0000000,0x00000000d1cabe20,0x00000000d1d00000)
 Metaspace       used 60582K, committed 62016K, reserved 1114112K
  class space    used 6289K, committed 6912K, reserved 1048576K
}
Event: 18.310 GC heap before
{Heap before GC invocations=296 (full 3):
 PSYoungGen      total 8704K, used 8233K [0x00000000eab00000, 0x00000000eb780000, 0x0000000100000000)
  eden space 6144K, 100% used [0x00000000eab00000,0x00000000eb100000,0x00000000eb100000)
  from space 2560K, 81% used [0x00000000eb500000,0x00000000eb70a7e0,0x00000000eb780000)
  to   space 3072K, 0% used [0x00000000eb180000,0x00000000eb180000,0x00000000eb480000)
 ParOldGen       total 291840K, used 291503K [0x00000000c0000000, 0x00000000d1d00000, 0x00000000eab00000)
  object space 291840K, 99% used [0x00000000c0000000,0x00000000d1cabe20,0x00000000d1d00000)
 Metaspace       used 60582K, committed 62016K, reserved 1114112K
  class space    used 6289K, committed 6912K, reserved 1048576K
}
Event: 18.313 GC heap after
{Heap after GC invocations=296 (full 3):
 PSYoungGen      total 9728K, used 2702K [0x00000000eab00000, 0x00000000eb880000, 0x0000000100000000)
  eden space 6656K, 0% used [0x00000000eab00000,0x00000000eab00000,0x00000000eb180000)
  from space 3072K, 87% used [0x00000000eb180000,0x00000000eb423bb0,0x00000000eb480000)
  to   space 3072K, 0% used [0x00000000eb580000,0x00000000eb580000,0x00000000eb880000)
 ParOldGen       total 293888K, used 293507K [0x00000000c0000000, 0x00000000d1f00000, 0x00000000eab00000)
  object space 293888K, 99% used [0x00000000c0000000,0x00000000d1ea0fa8,0x00000000d1f00000)
 Metaspace       used 60582K, committed 62016K, reserved 1114112K
  class space    used 6289K, committed 6912K, reserved 1048576K
}
Event: 18.325 GC heap before
{Heap before GC invocations=297 (full 3):
 PSYoungGen      total 9728K, used 9358K [0x00000000eab00000, 0x00000000eb880000, 0x0000000100000000)
  eden space 6656K, 100% used [0x00000000eab00000,0x00000000eb180000,0x00000000eb180000)
  from space 3072K, 87% used [0x00000000eb180000,0x00000000eb423bb0,0x00000000eb480000)
  to   space 3072K, 0% used [0x00000000eb580000,0x00000000eb580000,0x00000000eb880000)
 ParOldGen       total 293888K, used 293507K [0x00000000c0000000, 0x00000000d1f00000, 0x00000000eab00000)
  object space 293888K, 99% used [0x00000000c0000000,0x00000000d1ea0fa8,0x00000000d1f00000)
 Metaspace       used 60582K, committed 62016K, reserved 1114112K
  class space    used 6289K, committed 6912K, reserved 1048576K
}
Event: 18.329 GC heap after
{Heap after GC invocations=297 (full 3):
 PSYoungGen      total 10752K, used 2795K [0x00000000eab00000, 0x00000000eb900000, 0x0000000100000000)
  eden space 7680K, 0% used [0x00000000eab00000,0x00000000eab00000,0x00000000eb280000)
  from space 3072K, 91% used [0x00000000eb580000,0x00000000eb83ae78,0x00000000eb880000)
  to   space 3072K, 0% used [0x00000000eb280000,0x00000000eb280000,0x00000000eb580000)
 ParOldGen       total 296448K, used 296085K [0x00000000c0000000, 0x00000000d2180000, 0x00000000eab00000)
  object space 296448K, 99% used [0x00000000c0000000,0x00000000d21255b0,0x00000000d2180000)
 Metaspace       used 60582K, committed 62016K, reserved 1114112K
  class space    used 6289K, committed 6912K, reserved 1048576K
}
Event: 18.343 GC heap before
{Heap before GC invocations=298 (full 3):
 PSYoungGen      total 10752K, used 10475K [0x00000000eab00000, 0x00000000eb900000, 0x0000000100000000)
  eden space 7680K, 100% used [0x00000000eab00000,0x00000000eb280000,0x00000000eb280000)
  from space 3072K, 91% used [0x00000000eb580000,0x00000000eb83ae78,0x00000000eb880000)
  to   space 3072K, 0% used [0x00000000eb280000,0x00000000eb280000,0x00000000eb580000)
 ParOldGen       total 296448K, used 296085K [0x00000000c0000000, 0x00000000d2180000, 0x00000000eab00000)
  object space 296448K, 99% used [0x00000000c0000000,0x00000000d21255b0,0x00000000d2180000)
 Metaspace       used 60582K, committed 62016K, reserved 1114112K
  class space    used 6289K, committed 6912K, reserved 1048576K
}
Event: 18.376 GC heap after
{Heap after GC invocations=298 (full 3):
 PSYoungGen      total 10752K, used 2701K [0x00000000eab00000, 0x00000000eba00000, 0x0000000100000000)
  eden space 7680K, 0% used [0x00000000eab00000,0x00000000eab00000,0x00000000eb280000)
  from space 3072K, 87% used [0x00000000eb280000,0x00000000eb523698,0x00000000eb580000)
  to   space 3072K, 0% used [0x00000000eb700000,0x00000000eb700000,0x00000000eba00000)
 ParOldGen       total 299008K, used 298787K [0x00000000c0000000, 0x00000000d2400000, 0x00000000eab00000)
  object space 299008K, 99% used [0x00000000c0000000,0x00000000d23c8c80,0x00000000d2400000)
 Metaspace       used 60582K, committed 62016K, reserved 1114112K
  class space    used 6289K, committed 6912K, reserved 1048576K
}
Event: 18.513 GC heap before
{Heap before GC invocations=299 (full 3):
 PSYoungGen      total 10752K, used 10381K [0x00000000eab00000, 0x00000000eba00000, 0x0000000100000000)
  eden space 7680K, 100% used [0x00000000eab00000,0x00000000eb280000,0x00000000eb280000)
  from space 3072K, 87% used [0x00000000eb280000,0x00000000eb523698,0x00000000eb580000)
  to   space 3072K, 0% used [0x00000000eb700000,0x00000000eb700000,0x00000000eba00000)
 ParOldGen       total 299008K, used 298787K [0x00000000c0000000, 0x00000000d2400000, 0x00000000eab00000)
  object space 299008K, 99% used [0x00000000c0000000,0x00000000d23c8c80,0x00000000d2400000)
 Metaspace       used 60594K, committed 62080K, reserved 1114112K
  class space    used 6289K, committed 6912K, reserved 1048576K
}
Event: 18.517 GC heap after
{Heap after GC invocations=299 (full 3):
 PSYoungGen      total 11264K, used 1906K [0x00000000eab00000, 0x00000000eb900000, 0x0000000100000000)
  eden space 9216K, 0% used [0x00000000eab00000,0x00000000eab00000,0x00000000eb400000)
  from space 2048K, 93% used [0x00000000eb700000,0x00000000eb8dc9a8,0x00000000eb900000)
  to   space 2560K, 0% used [0x00000000eb400000,0x00000000eb400000,0x00000000eb680000)
 ParOldGen       total 301568K, used 301381K [0x00000000c0000000, 0x00000000d2680000, 0x00000000eab00000)
  object space 301568K, 99% used [0x00000000c0000000,0x00000000d26514b0,0x00000000d2680000)
 Metaspace       used 60594K, committed 62080K, reserved 1114112K
  class space    used 6289K, committed 6912K, reserved 1048576K
}

