# JRE version: Java(TM) SE Runtime Environment (17.0.12+8) (build 17.0.12+8-LTS-286)
# Java VM: Java HotSpot(TM) 64-Bit Server VM (17.0.12+8-LTS-286, mixed mode, sharing, tiered, compressed oops, compressed class ptrs, g1 gc, windows-amd64)
GC Precious Log:
 CPUs: 8 total, 8 available
 Memory: 8033M
 Large Page Support: Disabled
 NUMA Support: Disabled
 Compressed Oops: Enabled (32-bit)
 Heap Region Size: 1M
 Heap Min Capacity: 8M
 Heap Initial Capacity: 126M
 Heap Max Capacity: 2010M
 Pre-touch: Disabled
 Parallel Workers: 8
 Concurrent Workers: 2
 Concurrent Refinement Workers: 8
 Periodic GC: Disabled
Heap:
 garbage-first heap   total 52224K, used 36262K [0x0000000082600000, 0x0000000100000000)
  region size 1024K, 12 young (12288K), 2 survivors (2048K)
 Metaspace       used 27191K, committed 27456K, reserved 1114112K
  class space    used 3169K, committed 3328K, reserved 1048576K
GC Heap History (14 events):
Event: 0.679 GC heap before
{Heap before GC invocations=0 (full 0):
 garbage-first heap   total 129024K, used 22528K [0x0000000082600000, 0x0000000100000000)
  region size 1024K, 23 young (23552K), 0 survivors (0K)
 Metaspace       used 5515K, committed 5696K, reserved 1114112K
  class space    used 672K, committed 768K, reserved 1048576K
}
Event: 0.685 GC heap after
{Heap after GC invocations=1 (full 0):
 garbage-first heap   total 129024K, used 3664K [0x0000000082600000, 0x0000000100000000)
  region size 1024K, 3 young (3072K), 3 survivors (3072K)
 Metaspace       used 5515K, committed 5696K, reserved 1114112K
  class space    used 672K, committed 768K, reserved 1048576K
}
Event: 1.412 GC heap before
{Heap before GC invocations=1 (full 0):
 garbage-first heap   total 129024K, used 35408K [0x0000000082600000, 0x0000000100000000)
  region size 1024K, 34 young (34816K), 3 survivors (3072K)
 Metaspace       used 10198K, committed 10368K, reserved 1114112K
  class space    used 1252K, committed 1344K, reserved 1048576K
}
Event: 1.419 GC heap after
{Heap after GC invocations=2 (full 0):
 garbage-first heap   total 129024K, used 5661K [0x0000000082600000, 0x0000000100000000)
  region size 1024K, 2 young (2048K), 2 survivors (2048K)
 Metaspace       used 10198K, committed 10368K, reserved 1114112K
  class space    used 1252K, committed 1344K, reserved 1048576K
}
Event: 3.543 GC heap before
{Heap before GC invocations=2 (full 0):
 garbage-first heap   total 129024K, used 80413K [0x0000000082600000, 0x0000000100000000)
  region size 1024K, 75 young (76800K), 2 survivors (2048K)
 Metaspace       used 16801K, committed 17088K, reserved 1114112K
  class space    used 2000K, committed 2112K, reserved 1048576K
}
Event: 3.555 GC heap after
{Heap after GC invocations=3 (full 0):
 garbage-first heap   total 129024K, used 10804K [0x0000000082600000, 0x0000000100000000)
  region size 1024K, 7 young (7168K), 7 survivors (7168K)
 Metaspace       used 16801K, committed 17088K, reserved 1114112K
  class space    used 2000K, committed 2112K, reserved 1048576K
}
Event: 4.286 GC heap before
{Heap before GC invocations=3 (full 0):
 garbage-first heap   total 129024K, used 33332K [0x0000000082600000, 0x0000000100000000)
  region size 1024K, 30 young (30720K), 7 survivors (7168K)
 Metaspace       used 21283K, committed 21504K, reserved 1114112K
  class space    used 2557K, committed 2688K, reserved 1048576K
}
Event: 4.298 GC heap after
{Heap after GC invocations=4 (full 0):
 garbage-first heap   total 129024K, used 12503K [0x0000000082600000, 0x0000000100000000)
  region size 1024K, 2 young (2048K), 2 survivors (2048K)
 Metaspace       used 21283K, committed 21504K, reserved 1114112K
  class space    used 2557K, committed 2688K, reserved 1048576K
}
Event: 4.989 GC heap before
{Heap before GC invocations=5 (full 0):
 garbage-first heap   total 48128K, used 40151K [0x0000000082600000, 0x0000000100000000)
  region size 1024K, 28 young (28672K), 2 survivors (2048K)
 Metaspace       used 25360K, committed 25664K, reserved 1114112K
  class space    used 2985K, committed 3136K, reserved 1048576K
}
Event: 5.006 GC heap after
{Heap after GC invocations=6 (full 0):
 garbage-first heap   total 52224K, used 22225K [0x0000000082600000, 0x0000000100000000)
  region size 1024K, 4 young (4096K), 4 survivors (4096K)
 Metaspace       used 25360K, committed 25664K, reserved 1114112K
  class space    used 2985K, committed 3136K, reserved 1048576K
}
Event: 5.010 GC heap before
{Heap before GC invocations=6 (full 0):
 garbage-first heap   total 52224K, used 23249K [0x0000000082600000, 0x0000000100000000)
  region size 1024K, 5 young (5120K), 4 survivors (4096K)
 Metaspace       used 25360K, committed 25664K, reserved 1114112K
  class space    used 2985K, committed 3136K, reserved 1048576K
}
Event: 5.016 GC heap after
{Heap after GC invocations=7 (full 0):
 garbage-first heap   total 52224K, used 23151K [0x0000000082600000, 0x0000000100000000)
  region size 1024K, 1 young (1024K), 1 survivors (1024K)
 Metaspace       used 25360K, committed 25664K, reserved 1114112K
  class space    used 2985K, committed 3136K, reserved 1048576K
}
Event: 5.187 GC heap before
{Heap before GC invocations=7 (full 0):
 garbage-first heap   total 52224K, used 39535K [0x0000000082600000, 0x0000000100000000)
  region size 1024K, 16 young (16384K), 1 survivors (1024K)
 Metaspace       used 25672K, committed 25984K, reserved 1114112K
  class space    used 2995K, committed 3136K, reserved 1048576K
}
Event: 5.200 GC heap after
{Heap after GC invocations=8 (full 0):
 garbage-first heap   total 52224K, used 27046K [0x0000000082600000, 0x0000000100000000)
  region size 1024K, 2 young (2048K), 2 survivors (2048K)
 Metaspace       used 25672K, committed 25984K, reserved 1114112K
  class space    used 2995K, committed 3136K, reserved 1048576K
}

